<?xml version="1.0" encoding="UTF-8"?>
<!-- Generated by org.testng.reporters.JUnitReportReporter -->
<testsuite hostname="TYSS-4F-048" name="scripts.DressTest" tests="1" failures="0" timestamp="23 Apr 2018 10:37:00 GMT" time="26.557" errors="0">
  <testcase name="dressTest" time="26.557" classname="scripts.DressTest"/>
</testsuite> <!-- scripts.DressTest -->
