<?xml version="1.0" encoding="UTF-8"?>
<!-- Generated by org.testng.reporters.JUnitReportReporter -->
<testsuite hostname="TYSS-4F-051" name="scripts.LoginTest" tests="1" failures="0" timestamp="18 Jun 2018 05:52:51 GMT" time="21.505" errors="0">
  <testcase name="loginToApp" time="21.505" classname="scripts.LoginTest"/>
</testsuite> <!-- scripts.LoginTest -->
