<?xml version="1.0" encoding="UTF-8"?>
<!-- Generated by org.testng.reporters.JUnitReportReporter -->
<testsuite hostname="TYSS-4F-048" name="scripts.LoginTest" tests="1" failures="0" timestamp="23 Apr 2018 10:37:00 GMT" time="32.759" errors="0">
  <testcase name="loginToApp" time="32.759" classname="scripts.LoginTest"/>
</testsuite> <!-- scripts.LoginTest -->
