<?xml version="1.0" encoding="UTF-8"?>
<!-- Generated by org.testng.reporters.JUnitReportReporter -->
<testsuite hostname="TYSS-4F-048" name="scripts.LoginTest" tests="1" failures="0" timestamp="15 Jun 2018 07:08:33 GMT" time="38.274" errors="0">
  <testcase name="loginToApp" time="38.274" classname="scripts.LoginTest"/>
</testsuite> <!-- scripts.LoginTest -->
