<?xml version="1.0" encoding="UTF-8"?>
<!-- Generated by org.testng.reporters.JUnitReportReporter -->
<testsuite hostname="TYSS-4F-048" name="scripts.DressTest" tests="1" failures="0" timestamp="26 Apr 2018 11:24:47 GMT" time="25.149" errors="0">
  <testcase name="dressTest" time="25.149" classname="scripts.DressTest"/>
</testsuite> <!-- scripts.DressTest -->
