<?xml version="1.0" encoding="UTF-8"?>
<!-- Generated by org.testng.reporters.JUnitReportReporter -->
<testsuite hostname="TYSS-4F-048" name="scripts.LoginTest" tests="1" failures="0" timestamp="9 May 2018 11:23:03 GMT" time="29.712" errors="0">
  <testcase name="loginToApp" time="29.712" classname="scripts.LoginTest"/>
</testsuite> <!-- scripts.LoginTest -->
