<?xml version="1.0" encoding="UTF-8"?>
<!-- Generated by org.testng.reporters.JUnitReportReporter -->
<testsuite hostname="TYSS-4F-048" name="scripts.LoginTest" tests="1" failures="0" timestamp="26 Apr 2018 11:24:47 GMT" time="31.351" errors="0">
  <testcase name="loginToApp" time="31.351" classname="scripts.LoginTest"/>
</testsuite> <!-- scripts.LoginTest -->
