<?xml version="1.0" encoding="UTF-8"?>
<!-- Generated by org.testng.reporters.JUnitReportReporter -->
<testsuite hostname="TYSS-4F-048" name="scripts.DressTest" tests="1" failures="0" timestamp="9 May 2018 11:23:03 GMT" time="25.615" errors="0">
  <testcase name="dressTest" time="25.615" classname="scripts.DressTest"/>
</testsuite> <!-- scripts.DressTest -->
