<?xml version="1.0" encoding="UTF-8"?>
<!-- Generated by org.testng.reporters.JUnitReportReporter -->
<testsuite hostname="TYSS-4F-051" name="scripts.LoginTest" tests="1" failures="0" timestamp="18 Jun 2018 05:30:55 GMT" time="5.015" errors="0">
  <testcase name="loginToApp" time="5.015" classname="scripts.LoginTest"/>
</testsuite> <!-- scripts.LoginTest -->
